<?xml version="1.0" encoding="UTF-8"?>
<testng-results ignored="0" total="1" passed="1" failed="0" skipped="0">
  <reporter-output>
  </reporter-output>
  <suite started-at="2023-03-16T17:45:06 IST" name="Suite" finished-at="2023-03-16T17:45:24 IST" duration-ms="18610">
    <groups>
    </groups>
    <test started-at="2023-03-16T17:45:06 IST" name="Test" finished-at="2023-03-16T17:45:24 IST" duration-ms="18610">
      <class name="testScript.TC_SumitForm">
        <test-method is-config="true" signature="launchBrowser()[pri:0, instance:testScript.TC_SumitForm@10163d6]" started-at="2023-03-16T17:45:06 IST" name="launchBrowser" finished-at="2023-03-16T17:45:20 IST" duration-ms="13834" status="PASS">
          <reporter-output>
          </reporter-output>
        </test-method> <!-- launchBrowser -->
        <test-method signature="submitForm()[pri:0, instance:testScript.TC_SumitForm@10163d6]" started-at="2023-03-16T17:45:20 IST" name="submitForm" finished-at="2023-03-16T17:45:22 IST" duration-ms="2268" status="PASS">
          <reporter-output>
          </reporter-output>
        </test-method> <!-- submitForm -->
        <test-method is-config="true" signature="closeBrowser()[pri:0, instance:testScript.TC_SumitForm@10163d6]" started-at="2023-03-16T17:45:22 IST" name="closeBrowser" finished-at="2023-03-16T17:45:24 IST" duration-ms="2406" status="PASS">
          <reporter-output>
          </reporter-output>
        </test-method> <!-- closeBrowser -->
      </class> <!-- testScript.TC_SumitForm -->
    </test> <!-- Test -->
  </suite> <!-- Suite -->
</testng-results>
